\BOOKMARK [0][-]{figure.caption.1}{\376\377\000R\000e\000s\000u\000m\000e\000n}{}% 1
\BOOKMARK [0][-]{chapter.6}{\376\377\000I\000n\000t\000r\000o\000d\000u\000c\000c\000i\000\363\000n}{}% 2
\BOOKMARK [1][-]{section.7}{\376\377\000M\000o\000t\000i\000v\000a\000c\000i\000\363\000n}{chapter.6}% 3
\BOOKMARK [1][-]{section.8}{\376\377\000O\000b\000j\000e\000t\000i\000v\000o\000s}{chapter.6}% 4
\BOOKMARK [1][-]{section.9}{\376\377\000E\000s\000t\000r\000u\000c\000t\000u\000r\000a\000\040\000d\000e\000l\000\040\000S\000e\000m\000i\000n\000a\000r\000i\000o}{chapter.6}% 5
\BOOKMARK [0][-]{chapter.10}{\376\377\000E\000s\000t\000a\000d\000o\000\040\000d\000e\000l\000\040\000A\000r\000t\000e}{}% 6
\BOOKMARK [1][-]{section.11}{\376\377\000A\000p\000r\000e\000n\000d\000i\000z\000a\000j\000e\000\040\000A\000u\000t\000o\000m\000\341\000t\000i\000c\000o}{chapter.10}% 7
\BOOKMARK [2][-]{subsection.12}{\376\377\000G\000P\000G\000P\000U\000\040\000P\000e\000r\000f\000o\000r\000m\000a\000n\000c\000e\000\040\000a\000n\000d\000\040\000P\000o\000w\000e\000r\000\040\000E\000s\000t\000i\000m\000a\000t\000i\000o\000n\000\040\000U\000s\000i\000n\000g\000\040\000M\000a\000c\000h\000i\000n\000e\000\040\000L\000e\000a\000r\000n\000i\000n\000g}{section.11}% 8
\BOOKMARK [2][-]{subsection.13}{\376\377\000H\000a\000n\000d\000s\000h\000a\000p\000e\000\040\000r\000e\000c\000o\000g\000n\000i\000t\000i\000o\000n\000\040\000f\000o\000r\000\040\000A\000r\000g\000e\000n\000t\000i\000n\000i\000a\000n\000\040\000S\000i\000g\000n\000\040\000L\000a\000n\000g\000u\000a\000g\000e\000\040\000u\000s\000i\000n\000g\000\040\000P\000r\000o\000b\000S\000o\000m}{section.11}% 9
\BOOKMARK [1][-]{section.14}{\376\377\000A\000p\000r\000e\000n\000d\000i\000z\000a\000j\000e\000\040\000P\000r\000o\000f\000u\000n\000d\000o}{chapter.10}% 10
\BOOKMARK [2][-]{subsection.15}{\376\377\000D\000e\000e\000p\000\040\000M\000a\000c\000h\000i\000n\000e\000\040\000L\000e\000a\000r\000n\000i\000n\000g\000\040\000-\000\040\000A\000\040\000N\000e\000w\000\040\000F\000r\000o\000n\000t\000i\000e\000r\000\040\000i\000n\000\040\000A\000r\000t\000i\000f\000i\000c\000i\000a\000l\000\040\000I\000n\000t\000e\000l\000l\000i\000g\000e\000n\000c\000e}{section.14}% 11
\BOOKMARK [2][-]{subsection.16}{\376\377\000O\000n\000\040\000O\000p\000t\000i\000m\000i\000z\000a\000t\000i\000o\000n\000\040\000M\000e\000t\000h\000o\000d\000s\000\040\000f\000o\000r\000\040\000D\000e\000e\000p\000\040\000L\000e\000a\000r\000n\000i\000n\000g}{section.14}% 12
\BOOKMARK [1][-]{section.17}{\376\377\000R\000e\000c\000o\000n\000o\000c\000i\000m\000i\000e\000n\000t\000o\000\040\000d\000e\000\040\000V\000o\000z}{chapter.10}% 13
\BOOKMARK [2][-]{subsection.18}{\376\377\000R\000e\000v\000i\000e\000w\000\040\000o\000f\000\040\000A\000l\000g\000o\000r\000i\000t\000h\000m\000s\000\040\000a\000n\000d\000\040\000A\000p\000p\000l\000i\000c\000a\000t\000i\000o\000n\000s\000\040\000i\000n\000\040\000S\000p\000e\000e\000c\000h\000\040\000R\000e\000c\000o\000g\000n\000i\000t\000i\000o\000n\000\040\000S\000y\000s\000t\000e\000m}{section.17}% 14
\BOOKMARK [2][-]{subsection.19}{\376\377\000S\000P\000E\000E\000C\000H\000\040\000R\000E\000C\000O\000G\000N\000I\000T\000I\000O\000N\000\040\000W\000I\000T\000H\000\040\000D\000E\000E\000P\000\040\000R\000E\000C\000U\000R\000R\000E\000N\000T\000\040\000N\000E\000U\000R\000A\000L\000\040\000N\000E\000T\000W\000O\000R\000K\000S}{section.17}% 15
\BOOKMARK [2][-]{subsection.20}{\376\377\000E\000F\000F\000I\000C\000I\000E\000N\000T\000\040\000C\000E\000P\000S\000T\000R\000A\000L\000\040\000N\000O\000R\000M\000A\000L\000I\000Z\000A\000T\000I\000O\000N\000\040\000F\000O\000R\000\040\000R\000O\000B\000U\000S\000T\000\040\000S\000P\000E\000E\000C\000H\000\040\000R\000E\000C\000O\000G\000N\000I\000T\000I\000O\000N}{section.17}% 16
\BOOKMARK [2][-]{subsection.21}{\376\377\000D\000E\000L\000T\000A\000-\000S\000P\000E\000C\000T\000R\000A\000L\000\040\000C\000E\000P\000S\000T\000R\000A\000L\000\040\000C\000O\000E\000F\000F\000I\000C\000I\000E\000N\000T\000S\000\040\000F\000O\000R\000\040\000R\000O\000B\000U\000S\000T\000\040\000S\000P\000E\000E\000C\000H\000\040\000R\000E\000C\000O\000G\000N\000I\000T\000I\000O\000N}{section.17}% 17
\BOOKMARK [2][-]{subsection.22}{\376\377\000V\000o\000i\000c\000e\000\040\000R\000e\000c\000o\000g\000n\000i\000t\000i\000o\000n\000\040\000A\000l\000g\000o\000r\000i\000t\000h\000m\000s\000\040\000u\000s\000i\000n\000g\000\040\000M\000e\000l\000\040\000F\000r\000e\000q\000u\000e\000n\000c\000y\000\040\000C\000e\000p\000s\000t\000r\000a\000l\000\040\000C\000o\000e\000f\000f\000i\000c\000i\000e\000n\000t\000\040\000\050\000M\000F\000C\000C\000\051\000\040\000a\000n\000d\000\040\000D\000y\000n\000a\000m\000i\000c\000\040\000T\000i\000m\000e\000\040\000W\000a\000r\000p\000i\000n\000g\000\040\000\050\000D\000T\000W\000\051\000\040\000T\000e\000c\000h\000n\000i\000q\000u\000e\000s\000\040}{section.17}% 18
\BOOKMARK [2][-]{subsection.23}{\376\377\000C\000o\000n\000v\000o\000l\000u\000t\000i\000o\000n\000a\000l\000\040\000N\000e\000u\000r\000a\000l\000\040\000N\000e\000t\000w\000o\000r\000k\000s\000\040\000f\000o\000r\000\040\000S\000p\000e\000e\000c\000h\000\040\000R\000e\000c\000o\000g\000n\000i\000t\000i\000o\000n}{section.17}% 19
\BOOKMARK [2][-]{subsection.24}{\376\377\000T\000I\000M\000E\000-\000F\000R\000E\000Q\000U\000E\000N\000C\000Y\000\040\000C\000O\000N\000V\000O\000L\000U\000T\000I\000O\000N\000A\000L\000\040\000N\000E\000T\000W\000O\000R\000K\000S\000\040\000F\000O\000R\000\040\000R\000O\000B\000U\000S\000T\000\040\000S\000P\000E\000E\000C\000H\000\040\000R\000E\000C\000O\000G\000N\000I\000T\000I\000O\000N}{section.17}% 20
\BOOKMARK [1][-]{section.25}{\376\377\000C\000o\000n\000c\000l\000u\000s\000i\000o\000n\000e\000s}{chapter.10}% 21
\BOOKMARK [0][-]{chapter.26}{\376\377\000R\000e\000d\000e\000s\000\040\000N\000e\000u\000r\000o\000n\000a\000l\000e\000s\000\040\000A\000r\000t\000i\000f\000i\000c\000i\000a\000l\000e\000s}{}% 22
\BOOKMARK [1][-]{section.27}{\376\377\000C\000o\000n\000c\000e\000p\000t\000o\000s\000\040\000b\000\341\000s\000i\000c\000o\000s}{chapter.26}% 23
\BOOKMARK [2][-]{subsection.28}{\376\377\000N\000e\000u\000r\000o\000n\000a\000s}{section.27}% 24
\BOOKMARK [2][-]{subsection.30}{\376\377\000F\000u\000n\000c\000i\000o\000n\000e\000s\000\040\000d\000e\000\040\000A\000c\000t\000i\000v\000a\000c\000i\000\363\000n}{section.27}% 25
\BOOKMARK [2][-]{subsection.32}{\376\377\000R\000e\000d\000e\000s\000\040\000N\000e\000u\000r\000o\000n\000a\000l\000e\000s\000\040\000A\000r\000t\000i\000f\000i\000c\000i\000a\000l\000e\000s}{section.27}% 26
\BOOKMARK [1][-]{section.34}{\376\377\000R\000e\000d\000e\000s\000\040\000N\000e\000u\000r\000o\000n\000a\000l\000e\000s\000\040\000F\000e\000e\000d\000F\000o\000w\000a\000r\000d}{chapter.26}% 27
\BOOKMARK [2][-]{subsection.36}{\376\377\000A\000l\000g\000o\000r\000i\000t\000m\000o\000\040\000d\000e\000\040\000p\000r\000o\000p\000a\000g\000a\000c\000i\000\363\000n\000\040\000h\000a\000c\000i\000a\000\040\000a\000t\000r\000\341\000s}{section.34}% 28
\BOOKMARK [1][-]{section.41}{\376\377\000R\000e\000d\000e\000s\000\040\000N\000e\000u\000r\000o\000n\000a\000l\000e\000s\000\040\000C\000o\000n\000v\000o\000l\000u\000c\000i\000o\000n\000a\000l\000e\000s}{chapter.26}% 29
\BOOKMARK [2][-]{subsection.42}{\376\377\000E\000s\000t\000r\000u\000c\000t\000u\000r\000a\000\040\000d\000e\000\040\000u\000n\000a\000\040\000i\000m\000a\000g\000e\000n}{section.41}% 30
\BOOKMARK [2][-]{subsection.44}{\376\377\000C\000a\000p\000a\000s\000\040\000d\000e\000\040\000u\000n\000a\000\040\000C\000N\000N}{section.41}% 31
\BOOKMARK [3][-]{section*.45}{\376\377\000I\000n\000p\000u\000t\000\040\000l\000a\000y\000e\000r}{subsection.44}% 32
\BOOKMARK [3][-]{section*.46}{\376\377\000C\000o\000n\000v\000o\000l\000u\000t\000i\000o\000n\000a\000l\000\040\000l\000a\000y\000e\000r\000s}{subsection.44}% 33
\BOOKMARK [3][-]{section*.48}{\376\377\000P\000o\000o\000l\000i\000n\000g\000\040\000l\000a\000y\000e\000r\000s}{subsection.44}% 34
\BOOKMARK [3][-]{section*.49}{\376\377\000F\000u\000l\000l\000y\000\040\000C\000o\000n\000n\000e\000c\000t\000e\000d\000\040\000L\000a\000y\000e\000r\000s}{subsection.44}% 35
\BOOKMARK [2][-]{subsection.50}{\376\377\000A\000r\000q\000u\000i\000t\000e\000c\000t\000u\000r\000a\000s\000\040\000c\000o\000n\000o\000c\000i\000d\000a\000s}{section.41}% 36
\BOOKMARK [1][-]{section.51}{\376\377\000R\000e\000d\000e\000s\000\040\000R\000e\000c\000u\000r\000r\000e\000n\000t\000e\000s}{chapter.26}% 37
\BOOKMARK [2][-]{subsection.54}{\376\377\000P\000r\000o\000p\000a\000g\000a\000c\000i\000\363\000n\000\040\000h\000a\000c\000i\000a\000\040\000a\000t\000r\000\341\000s\000\040\000t\000r\000a\000v\000\351\000s\000\040\000d\000e\000l\000\040\000t\000i\000e\000m\000p\000o\000\050\000B\000P\000T\000T\000\051}{section.51}% 38
\BOOKMARK [2][-]{subsection.61}{\376\377\000P\000r\000o\000p\000a\000g\000a\000c\000i\000\363\000n\000\040\000d\000i\000n\000\341\000m\000i\000c\000a\000\040\000h\000a\000c\000i\000a\000\040\000a\000t\000r\000\341\000s\000\040\000\050\000D\000B\000P\000\051}{section.51}% 39
\BOOKMARK [2][-]{subsection.71}{\376\377\000D\000e\000s\000a\000p\000a\000r\000i\000c\000i\000\363\000n\000\040\000d\000e\000\040\000l\000a\000\040\000g\000r\000a\000d\000i\000e\000n\000t\000e}{section.51}% 40
\BOOKMARK [2][-]{subsection.73}{\376\377\000L\000o\000n\000g\000\040\000S\000h\000o\000r\000t\000\040\000T\000e\000r\000m\000\040\000M\000e\000m\000o\000r\000y\000\040\000\050\000L\000S\000T\000M\000\051}{section.51}% 41
\BOOKMARK [0][-]{chapter.91}{\376\377\000P\000r\000o\000c\000e\000s\000a\000m\000i\000e\000n\000t\000o\000\040\000s\000e\000\361\000a\000l\000\040\000d\000e\000\040\000v\000o\000z}{}% 42
\BOOKMARK [1][-]{section.92}{\376\377\000C\000o\000n\000c\000e\000p\000t\000o\000s\000\040\000p\000r\000e\000v\000i\000o\000s}{chapter.91}% 43
\BOOKMARK [2][-]{subsection.93}{\376\377\000V\000o\000z}{section.92}% 44
\BOOKMARK [2][-]{subsection.94}{\376\377\000A\000u\000d\000i\000o\000s}{section.92}% 45
\BOOKMARK [2][-]{subsection.96}{\376\377\000E\000s\000p\000e\000c\000t\000r\000o\000\040\000d\000e\000\040\000f\000r\000e\000c\000u\000e\000n\000c\000i\000a\000s}{section.92}% 46
\BOOKMARK [2][-]{subsection.98}{\376\377\000E\000s\000c\000a\000l\000a\000\040\000m\000e\000l}{section.92}% 47
\BOOKMARK [2][-]{subsection.101}{\376\377\000D\000o\000m\000i\000n\000i\000o\000\040\000d\000e\000\040\000t\000i\000e\000m\000p\000o}{section.92}% 48
\BOOKMARK [2][-]{subsection.102}{\376\377\000D\000o\000m\000i\000n\000i\000o\000\040\000d\000e\000\040\000f\000r\000e\000c\000u\000e\000n\000c\000i\000a}{section.92}% 49
\BOOKMARK [1][-]{section.104}{\376\377\000P\000r\000o\000c\000e\000s\000o\000\040\000d\000e\000\040\000e\000x\000t\000r\000a\000c\000c\000i\000\363\000n\000\040\000d\000e\000\040\000c\000a\000r\000a\000c\000t\000e\000r\000\355\000s\000t\000i\000c\000a\000s}{chapter.91}% 50
\BOOKMARK [2][-]{subsection.105}{\376\377\000E\000t\000a\000p\000a\000s\000\040\000d\000e\000l\000\040\000p\000r\000o\000c\000e\000s\000o\000\040\000d\000e\000\040\000e\000x\000t\000r\000a\000c\000c\000i\000\363\000n\000\040\000d\000e\000\040\000c\000a\000r\000\341\000c\000t\000e\000r\000\355\000s\000t\000i\000c\000a\000s}{section.104}% 51
\BOOKMARK [3][-]{section*.106}{\376\377\0001\000.\000\040\000A\000n\000\341\000l\000i\000s\000i\000s\000\040\000E\000s\000p\000e\000c\000t\000r\000a\000l}{subsection.105}% 52
\BOOKMARK [3][-]{section*.108}{\376\377\0002\000.\000\040\000T\000r\000a\000n\000s\000f\000o\000r\000m\000a\000c\000i\000\363\000n\000\040\000d\000e\000\040\000p\000a\000r\000\341\000m\000e\000t\000r\000o\000s}{subsection.105}% 53
\BOOKMARK [3][-]{section*.109}{\376\377\0003\000.\000\040\000M\000o\000d\000e\000l\000o\000\040\000e\000s\000t\000a\000d\000\355\000s\000t\000i\000c\000o\000\040}{subsection.105}% 54
\BOOKMARK [2][-]{subsection.111}{\376\377\000A\000l\000g\000o\000r\000i\000t\000m\000o\000s}{section.104}% 55
\BOOKMARK [3][-]{section*.112}{\376\377\000R\000e\000a\000l\000\040\000C\000e\000p\000s\000t\000r\000a\000l\000\040\000C\000o\000e\000f\000f\000i\000c\000i\000e\000n\000t\000\050\000R\000C\000C\000\051}{subsection.111}% 56
\BOOKMARK [3][-]{section*.114}{\376\377\000C\000o\000d\000i\000f\000i\000c\000a\000c\000i\000\363\000n\000\040\000l\000i\000n\000e\000a\000l\000\040\000p\000r\000e\000d\000i\000c\000t\000i\000v\000a}{subsection.111}% 57
\BOOKMARK [1][-]{section.116}{\376\377\000M\000e\000l\000\040\000F\000r\000e\000q\000u\000e\000n\000c\000y\000\040\000C\000e\000p\000s\000t\000r\000a\000l\000\040\000C\000o\000e\000f\000f\000i\000c\000i\000e\000n\000t\000s\000\040\000\050\000M\000F\000C\000C\000\051}{chapter.91}% 58
\BOOKMARK [2][-]{subsection.117}{\376\377\000P\000r\000e\000-\000e\000m\000p\000h\000a\000s\000i\000s}{section.116}% 59
\BOOKMARK [2][-]{subsection.120}{\376\377\000F\000r\000a\000m\000i\000n\000g}{section.116}% 60
\BOOKMARK [2][-]{subsection.122}{\376\377\000H\000a\000m\000m\000i\000n\000g\000\040\000w\000i\000n\000d\000o\000w\000i\000n\000g}{section.116}% 61
\BOOKMARK [2][-]{subsection.125}{\376\377\000T\000r\000a\000n\000s\000f\000o\000r\000m\000a\000d\000a\000\040\000r\000\341\000p\000i\000d\000a\000\040\000d\000e\000\040\000F\000o\000u\000r\000i\000e\000r\000\040\000\050\000F\000F\000T\000\051}{section.116}% 62
\BOOKMARK [2][-]{subsection.127}{\376\377\000M\000e\000l\000\040\000f\000i\000l\000t\000e\000r\000\040\000b\000a\000n\000k}{section.116}% 63
\BOOKMARK [2][-]{subsection.130}{\376\377\000D\000i\000s\000c\000r\000e\000t\000e\000\040\000C\000o\000s\000i\000n\000e\000\040\000T\000r\000a\000n\000s\000f\000o\000r\000m\000\040\000\050\000D\000C\000T\000\051}{section.116}% 64
\BOOKMARK [2][-]{subsection.131}{\376\377\000D\000e\000l\000t\000a\000\040\000e\000n\000e\000r\000g\000y\000\040\000a\000n\000d\000\040\000D\000e\000l\000t\000a\000\040\000s\000p\000e\000c\000t\000r\000u\000m}{section.116}% 65
\BOOKMARK [1][-]{section.133}{\376\377\000C\000o\000i\000n\000c\000i\000d\000e\000n\000c\000i\000a\000\040\000d\000e\000\040\000p\000a\000t\000r\000o\000n\000e\000s}{chapter.91}% 66
\BOOKMARK [2][-]{section*.134}{\376\377\000M\000o\000d\000e\000l\000o\000\040\000o\000c\000u\000l\000t\000o\000\040\000d\000e\000\040\000M\000a\000r\000k\000o\000v\000\040\000\050\000H\000M\000M\000\051}{section.133}% 67
\BOOKMARK [3][-]{section*.136}{\376\377\000M\000\341\000q\000u\000i\000n\000a\000s\000\040\000d\000e\000\040\000s\000o\000p\000o\000r\000t\000e\000\040\000V\000e\000c\000t\000o\000r\000i\000a\000l\000\050\000S\000V\000M\000\051}{section*.134}% 68
\BOOKMARK [3][-]{section*.138}{\376\377\000A\000l\000i\000n\000e\000a\000m\000i\000e\000n\000t\000o\000\040\000t\000e\000m\000p\000o\000r\000a\000l\000\040\000d\000i\000n\000\341\000m\000i\000c\000o\000\040\000\050\000D\000T\000W\000\051}{section*.134}% 69
\BOOKMARK [3][-]{section*.140}{\376\377\000R\000e\000d\000e\000s\000\040\000N\000e\000u\000r\000o\000n\000a\000l\000e\000s}{section*.134}% 70
\BOOKMARK [0][-]{chapter.141}{\376\377\000I\000m\000p\000l\000e\000m\000e\000n\000t\000a\000c\000i\000\363\000n}{}% 71
\BOOKMARK [1][-]{section.142}{\376\377\000D\000a\000t\000o\000s}{chapter.141}% 72
\BOOKMARK [2][-]{subsection.143}{\376\377\000R\000e\000c\000o\000l\000e\000c\000c\000i\000\363\000n\000\040\000d\000e\000\040\000d\000a\000t\000o\000s}{section.142}% 73
\BOOKMARK [3][-]{section*.144}{\376\377\000C\000o\000n\000j\000u\000n\000t\000o\000s\000\040\000d\000e\000\040\000d\000a\000t\000o\000s}{subsection.143}% 74
\BOOKMARK [2][-]{subsection.148}{\376\377\000T\000r\000a\000t\000a\000m\000i\000e\000n\000t\000o\000\040\000d\000e\000\040\000l\000o\000s\000\040\000d\000a\000t\000o\000s}{section.142}% 75
\BOOKMARK [3][-]{section*.149}{\376\377\000C\000o\000n\000v\000e\000r\000s\000i\000\363\000n\000\040\000d\000e\000\040\000f\000o\000r\000m\000a\000t\000o}{subsection.148}% 76
\BOOKMARK [2][-]{subsection.157}{\376\377\000O\000b\000t\000e\000n\000c\000i\000\363\000n\000\040\000d\000e\000\040\000c\000o\000e\000f\000i\000c\000i\000e\000n\000t\000e\000s\000\040\000c\000e\000p\000s\000t\000r\000a\000l\000e\000s}{section.142}% 77
\BOOKMARK [2][-]{subsection.167}{\376\377\000O\000n\000e\000\040\000H\000o\000t\000\040\000e\000n\000c\000o\000d\000i\000n\000g\000\040}{section.142}% 78
\BOOKMARK [1][-]{section.180}{\376\377\000M\000o\000d\000e\000l\000o\000\040\000d\000e\000\040\000l\000a\000\040\000r\000e\000d\000\040\000n\000e\000u\000r\000o\000n\000a\000l}{chapter.141}% 79
\BOOKMARK [2][-]{subsection.181}{\376\377\000R\000N\000N}{section.180}% 80
\BOOKMARK [2][-]{subsection.190}{\376\377\000L\000S\000T\000M}{section.180}% 81
\BOOKMARK [0][-]{chapter.207}{\376\377\000R\000e\000s\000u\000l\000t\000a\000d\000o\000s}{}% 82
\BOOKMARK [1][-]{subsection.208}{\376\377\000P\000r\000e\000c\000i\000s\000i\000\363\000n}{chapter.207}% 83
\BOOKMARK [2][-]{subsection.210}{\376\377\000E\000r\000r\000o\000r\000e\000s\000\040}{subsection.208}% 84
\BOOKMARK [0][-]{chapter.212}{\376\377\000C\000o\000n\000c\000l\000u\000s\000i\000o\000n\000e\000s\000\040\000y\000\040\000T\000r\000a\000b\000a\000j\000o\000\040\000F\000u\000t\000u\000r\000o}{}% 85
\BOOKMARK [1][-]{section.213}{\376\377\000C\000o\000n\000c\000l\000u\000s\000i\000o\000n\000e\000s}{chapter.212}% 86
\BOOKMARK [1][-]{section.214}{\376\377\000T\000r\000a\000b\000a\000j\000o\000\040\000F\000u\000t\000u\000r\000o}{chapter.212}% 87
\BOOKMARK [0][-]{appendix.216}{\376\377\000A\000r\000q\000u\000i\000t\000e\000c\000t\000u\000r\000a\000\040\000d\000e\000\040\000l\000a\000\040\000r\000e\000d\000\040\000y\000\040\000R\000e\000s\000u\000l\000t\000a\000d\000o\000s\000\040\000o\000b\000t\000e\000n\000i\000d\000o\000s}{}% 88
\BOOKMARK [1][-]{section.217}{\376\377\000A\000r\000q\000u\000i\000t\000e\000c\000t\000u\000r\000a\000s}{appendix.216}% 89
\BOOKMARK [2][-]{subsection.218}{\376\377\000R\000N\000N\000\040\000s\000i\000m\000p\000l\000e}{section.217}% 90
\BOOKMARK [2][-]{subsection.220}{\376\377\000L\000S\000T\000M\000\040\000s\000i\000m\000p\000l\000e}{section.217}% 91
\BOOKMARK [2][-]{subsection.222}{\376\377\000L\000S\000T\000M\000\040\000c\000o\000n\000\040\000D\000r\000o\000p\000o\000u\000t}{section.217}% 92
\BOOKMARK [1][-]{section.224}{\376\377\000P\000r\000u\000e\000b\000a\000s\000\040\000c\000p\000n\000\040\000R\000N\000N\000\040\000,\000\040\000L\000S\000T\000M\000\040\000c\000o\000n\000\040\000M\000F\000C\000C\000\040\000y\000\040\000M\000F\000C\000C\000\040\000+\000\040\000D\000e\000l\000t\000a}{appendix.216}% 93
\BOOKMARK [2][-]{subsection.225}{\376\377\000R\000e\000s\000u\000l\000t\000a\000d\000o\000s\000\040\000d\000e\000\040\000p\000r\000e\000c\000i\000s\000i\000\363\000n\000\040\000d\000e\000\040\000e\000n\000t\000r\000e\000n\000a\000m\000i\000e\000n\000t\000o}{section.224}% 94
\BOOKMARK [2][-]{subsection.230}{\376\377\000R\000e\000s\000u\000l\000t\000a\000d\000o\000s\000\040\000d\000e\000\040\000f\000u\000n\000c\000i\000\363\000n\000\040\000d\000e\000\040\000p\000e\000r\000d\000i\000d\000a}{section.224}% 95
\BOOKMARK [1][-]{section.235}{\376\377\000P\000r\000o\000p\000u\000e\000s\000t\000a\000\040\000d\000e\000\040\000m\000o\000d\000e\000l\000o\000\040\000p\000a\000r\000a\000\040\000r\000e\000c\000o\000n\000o\000c\000i\000m\000i\000e\000n\000t\000o\000\040\000d\000e\000\040\000v\000o\000z}{appendix.216}% 96
